CRITICAL - 2024-02-16 01:53:04 --> CodeIgniter\View\Exceptions\ViewException: Invalid file: "v.template"
in SYSTEMPATH\Exceptions\FrameworkException.php on line 39.
 1 SYSTEMPATH\View\View.php(216): CodeIgniter\Exceptions\FrameworkException::forInvalidFile('v.template')
 2 SYSTEMPATH\Common.php(1178): CodeIgniter\View\View->render('v.template', [], true)
 3 APPPATH\Controllers\Home.php(9): view('v.template')
 4 SYSTEMPATH\CodeIgniter.php(941): App\Controllers\Home->index()
 5 SYSTEMPATH\CodeIgniter.php(502): CodeIgniter\CodeIgniter->runController(Object(App\Controllers\Home))
 6 SYSTEMPATH\CodeIgniter.php(361): CodeIgniter\CodeIgniter->handleRequest(null, Object(Config\Cache), false)
 7 FCPATH\index.php(79): CodeIgniter\CodeIgniter->run()
CRITICAL - 2024-02-16 04:25:21 --> ErrorException: Undefined variable $page
in APPPATH\Views\v.template.php on line 173.
 1 APPPATH\Views\v.template.php(173): CodeIgniter\Debug\Exceptions->errorHandler(2, 'Undefined variable $page', 'C:\\xampp\\htdocs\\penjualan\\app\\Views\\v.template.php', 173)
 2 SYSTEMPATH\View\View.php(228): include('C:\\xampp\\htdocs\\penjualan\\app\\Views\\v.template.php')
 3 SYSTEMPATH\View\View.php(231): CodeIgniter\View\View->CodeIgniter\View\{closure}()
 4 SYSTEMPATH\Common.php(1178): CodeIgniter\View\View->render('v.template.php', [], true)
 5 APPPATH\Controllers\Home.php(9): view('v.template.php')
 6 SYSTEMPATH\CodeIgniter.php(941): App\Controllers\Home->index()
 7 SYSTEMPATH\CodeIgniter.php(502): CodeIgniter\CodeIgniter->runController(Object(App\Controllers\Home))
 8 SYSTEMPATH\CodeIgniter.php(361): CodeIgniter\CodeIgniter->handleRequest(null, Object(Config\Cache), false)
 9 FCPATH\index.php(79): CodeIgniter\CodeIgniter->run()
CRITICAL - 2024-02-16 04:25:51 --> ErrorException: Undefined variable $page
in APPPATH\Views\v.template.php on line 173.
 1 APPPATH\Views\v.template.php(173): CodeIgniter\Debug\Exceptions->errorHandler(2, 'Undefined variable $page', 'C:\\xampp\\htdocs\\penjualan\\app\\Views\\v.template.php', 173)
 2 SYSTEMPATH\View\View.php(228): include('C:\\xampp\\htdocs\\penjualan\\app\\Views\\v.template.php')
 3 SYSTEMPATH\View\View.php(231): CodeIgniter\View\View->CodeIgniter\View\{closure}()
 4 SYSTEMPATH\Common.php(1178): CodeIgniter\View\View->render('v.template.php', [], true)
 5 APPPATH\Controllers\Home.php(9): view('v.template.php')
 6 SYSTEMPATH\CodeIgniter.php(941): App\Controllers\Home->index()
 7 SYSTEMPATH\CodeIgniter.php(502): CodeIgniter\CodeIgniter->runController(Object(App\Controllers\Home))
 8 SYSTEMPATH\CodeIgniter.php(361): CodeIgniter\CodeIgniter->handleRequest(null, Object(Config\Cache), false)
 9 FCPATH\index.php(79): CodeIgniter\CodeIgniter->run()
CRITICAL - 2024-02-16 06:18:44 --> Error: Call to undefined method CodeIgniter\Router\RouteCollection::setDefaultControllers()
in APPPATH\Config\Routes.php on line 7.
 1 SYSTEMPATH\Router\RouteCollection.php(344): require()
 2 SYSTEMPATH\CodeIgniter.php(810): CodeIgniter\Router\RouteCollection->loadRoutes()
 3 SYSTEMPATH\CodeIgniter.php(450): CodeIgniter\CodeIgniter->tryToRouteIt(null)
 4 SYSTEMPATH\CodeIgniter.php(361): CodeIgniter\CodeIgniter->handleRequest(null, Object(Config\Cache), false)
 5 FCPATH\index.php(79): CodeIgniter\CodeIgniter->run()
CRITICAL - 2024-02-16 06:24:44 --> Error: Call to undefined method CodeIgniter\Router\RouteCollection::setDefaultControllers()
in APPPATH\Config\Routes.php on line 7.
 1 SYSTEMPATH\Router\RouteCollection.php(344): require()
 2 SYSTEMPATH\CodeIgniter.php(810): CodeIgniter\Router\RouteCollection->loadRoutes()
 3 SYSTEMPATH\CodeIgniter.php(450): CodeIgniter\CodeIgniter->tryToRouteIt(null)
 4 SYSTEMPATH\CodeIgniter.php(361): CodeIgniter\CodeIgniter->handleRequest(null, Object(Config\Cache), false)
 5 FCPATH\index.php(79): CodeIgniter\CodeIgniter->run()
CRITICAL - 2024-02-16 06:25:05 --> Error: Call to undefined method CodeIgniter\Router\RouteCollection::setDefaultControllers()
in APPPATH\Config\Routes.php on line 7.
 1 SYSTEMPATH\Router\RouteCollection.php(344): require()
 2 SYSTEMPATH\CodeIgniter.php(810): CodeIgniter\Router\RouteCollection->loadRoutes()
 3 SYSTEMPATH\CodeIgniter.php(450): CodeIgniter\CodeIgniter->tryToRouteIt(null)
 4 SYSTEMPATH\CodeIgniter.php(361): CodeIgniter\CodeIgniter->handleRequest(null, Object(Config\Cache), false)
 5 FCPATH\index.php(79): CodeIgniter\CodeIgniter->run()
CRITICAL - 2024-02-16 06:30:26 --> CodeIgniter\View\Exceptions\ViewException: Invalid file: "v.home.php"
in SYSTEMPATH\Exceptions\FrameworkException.php on line 39.
 1 SYSTEMPATH\View\View.php(216): CodeIgniter\Exceptions\FrameworkException::forInvalidFile('v.home.php')
 2 SYSTEMPATH\Common.php(1178): CodeIgniter\View\View->render('v.home.php', [], true)
 3 APPPATH\Views\v.template.php(173): view('v.home.php')
 4 SYSTEMPATH\View\View.php(228): include('C:\\xampp\\htdocs\\penjualan\\app\\Views\\v.template.php')
 5 SYSTEMPATH\View\View.php(231): CodeIgniter\View\View->CodeIgniter\View\{closure}()
 6 SYSTEMPATH\Common.php(1178): CodeIgniter\View\View->render('v.template.php', [], true)
 7 APPPATH\Controllers\Home.php(14): view('v.template.php', [...])
 8 SYSTEMPATH\CodeIgniter.php(941): App\Controllers\Home->index()
 9 SYSTEMPATH\CodeIgniter.php(502): CodeIgniter\CodeIgniter->runController(Object(App\Controllers\Home))
10 SYSTEMPATH\CodeIgniter.php(361): CodeIgniter\CodeIgniter->handleRequest(null, Object(Config\Cache), false)
11 FCPATH\index.php(79): CodeIgniter\CodeIgniter->run()
CRITICAL - 2024-02-16 08:26:31 --> ErrorException: Undefined variable $menu
in APPPATH\Views\v.template.php on line 80.
 1 APPPATH\Views\v.template.php(80): CodeIgniter\Debug\Exceptions->errorHandler(2, 'Undefined variable $menu', 'C:\\xampp\\htdocs\\penjualan\\app\\Views\\v.template.php', 80)
 2 SYSTEMPATH\View\View.php(228): include('C:\\xampp\\htdocs\\penjualan\\app\\Views\\v.template.php')
 3 SYSTEMPATH\View\View.php(231): CodeIgniter\View\View->CodeIgniter\View\{closure}()
 4 SYSTEMPATH\Common.php(1178): CodeIgniter\View\View->render('v.template.php', [], true)
 5 APPPATH\Controllers\Produk.php(16): view('v.template.php', [...])
 6 SYSTEMPATH\CodeIgniter.php(941): App\Controllers\Produk->index()
 7 SYSTEMPATH\CodeIgniter.php(502): CodeIgniter\CodeIgniter->runController(Object(App\Controllers\Produk))
 8 SYSTEMPATH\CodeIgniter.php(361): CodeIgniter\CodeIgniter->handleRequest(null, Object(Config\Cache), false)
 9 FCPATH\index.php(79): CodeIgniter\CodeIgniter->run()
CRITICAL - 2024-02-16 09:34:04 --> ErrorException: Undefined variable $menu
in APPPATH\Views\v.template.php on line 80.
 1 APPPATH\Views\v.template.php(80): CodeIgniter\Debug\Exceptions->errorHandler(2, 'Undefined variable $menu', 'C:\\xampp\\htdocs\\penjualan\\app\\Views\\v.template.php', 80)
 2 SYSTEMPATH\View\View.php(228): include('C:\\xampp\\htdocs\\penjualan\\app\\Views\\v.template.php')
 3 SYSTEMPATH\View\View.php(231): CodeIgniter\View\View->CodeIgniter\View\{closure}()
 4 SYSTEMPATH\Common.php(1178): CodeIgniter\View\View->render('v.template.php', [], true)
 5 APPPATH\Controllers\Kategori.php(21): view('v.template.php', [])
 6 SYSTEMPATH\CodeIgniter.php(941): App\Controllers\Kategori->index()
 7 SYSTEMPATH\CodeIgniter.php(502): CodeIgniter\CodeIgniter->runController(Object(App\Controllers\Kategori))
 8 SYSTEMPATH\CodeIgniter.php(361): CodeIgniter\CodeIgniter->handleRequest(null, Object(Config\Cache), false)
 9 FCPATH\index.php(79): CodeIgniter\CodeIgniter->run()
CRITICAL - 2024-02-16 09:36:20 --> ErrorException: Undefined variable $menu
in APPPATH\Views\v.template.php on line 80.
 1 APPPATH\Views\v.template.php(80): CodeIgniter\Debug\Exceptions->errorHandler(2, 'Undefined variable $menu', 'C:\\xampp\\htdocs\\penjualan\\app\\Views\\v.template.php', 80)
 2 SYSTEMPATH\View\View.php(228): include('C:\\xampp\\htdocs\\penjualan\\app\\Views\\v.template.php')
 3 SYSTEMPATH\View\View.php(231): CodeIgniter\View\View->CodeIgniter\View\{closure}()
 4 SYSTEMPATH\Common.php(1178): CodeIgniter\View\View->render('v.template.php', [], true)
 5 APPPATH\Controllers\Kategori.php(21): view('v.template.php', [])
 6 SYSTEMPATH\CodeIgniter.php(941): App\Controllers\Kategori->index()
 7 SYSTEMPATH\CodeIgniter.php(502): CodeIgniter\CodeIgniter->runController(Object(App\Controllers\Kategori))
 8 SYSTEMPATH\CodeIgniter.php(361): CodeIgniter\CodeIgniter->handleRequest(null, Object(Config\Cache), false)
 9 FCPATH\index.php(79): CodeIgniter\CodeIgniter->run()
CRITICAL - 2024-02-16 09:52:16 --> CodeIgniter\View\Exceptions\ViewException: Invalid file: "v.template"
in SYSTEMPATH\Exceptions\FrameworkException.php on line 39.
 1 SYSTEMPATH\View\View.php(216): CodeIgniter\Exceptions\FrameworkException::forInvalidFile('v.template')
 2 SYSTEMPATH\Common.php(1178): CodeIgniter\View\View->render('v.template', [], true)
 3 APPPATH\Controllers\Admin.php(34): view('v.template', [...])
 4 SYSTEMPATH\CodeIgniter.php(941): App\Controllers\Admin->Setting()
 5 SYSTEMPATH\CodeIgniter.php(502): CodeIgniter\CodeIgniter->runController(Object(App\Controllers\Admin))
 6 SYSTEMPATH\CodeIgniter.php(361): CodeIgniter\CodeIgniter->handleRequest(null, Object(Config\Cache), false)
 7 FCPATH\index.php(79): CodeIgniter\CodeIgniter->run()
CRITICAL - 2024-02-16 09:52:21 --> CodeIgniter\View\Exceptions\ViewException: Invalid file: "v.user"
in SYSTEMPATH\Exceptions\FrameworkException.php on line 39.
 1 SYSTEMPATH\View\View.php(216): CodeIgniter\Exceptions\FrameworkException::forInvalidFile('v.user')
 2 SYSTEMPATH\Common.php(1178): CodeIgniter\View\View->render('v.user', [], true)
 3 APPPATH\Views\v.template.php(173): view('v.user')
 4 SYSTEMPATH\View\View.php(228): include('C:\\xampp\\htdocs\\penjualan\\app\\Views\\v.template.php')
 5 SYSTEMPATH\View\View.php(231): CodeIgniter\View\View->CodeIgniter\View\{closure}()
 6 SYSTEMPATH\Common.php(1178): CodeIgniter\View\View->render('v.template.php', [], true)
 7 APPPATH\Controllers\User.php(21): view('v.template.php', [...])
 8 SYSTEMPATH\CodeIgniter.php(941): App\Controllers\User->index()
 9 SYSTEMPATH\CodeIgniter.php(502): CodeIgniter\CodeIgniter->runController(Object(App\Controllers\User))
10 SYSTEMPATH\CodeIgniter.php(361): CodeIgniter\CodeIgniter->handleRequest(null, Object(Config\Cache), false)
11 FCPATH\index.php(79): CodeIgniter\CodeIgniter->run()
